2025-12-02 21:37:18,430 - restaurant_api - INFO - Получение списка ресторанов, пропуск=0, лимит=100
2025-12-02 21:37:46,532 - restaurant_api - INFO - Получение должности сотрудника, пропуск=0, лимит=100
2025-12-02 21:38:48,358 - restaurant_api - INFO - Создание ресторана: string
2025-12-02 22:59:11,564 - restaurant_api - INFO - Начало извлечения данных из C:\Users\soval\AppData\Local\Temp\tmpc9b3e8ll.csv
2025-12-02 22:59:11,576 - restaurant_api - INFO - Успешно извлечено 10 строк типа 'unknown'
2025-12-02 22:59:11,576 - restaurant_api - INFO - Начало трансформации данных
2025-12-02 22:59:11,585 - restaurant_api - INFO - Трансформация завершена
2025-12-02 22:59:11,586 - restaurant_api - INFO - Начало валидации данных
2025-12-02 22:59:11,928 - restaurant_api - INFO - Валидация завершена. Найдено ошибок: 0
2025-12-02 22:59:11,929 - restaurant_api - INFO - Начало загрузки данных
2025-12-02 22:59:11,929 - restaurant_api - ERROR - Ошибка загрузки: Неизвестный тип сущности: unknown
2025-12-02 23:01:48,407 - restaurant_api - INFO - Начало извлечения данных из C:\Users\soval\AppData\Local\Temp\tmpgnpdvejf.csv
2025-12-02 23:01:48,414 - restaurant_api - INFO - Успешно извлечено 10 строк типа 'unknown'
2025-12-02 23:01:48,414 - restaurant_api - INFO - Начало трансформации данных
2025-12-02 23:01:48,421 - restaurant_api - INFO - Трансформация завершена
2025-12-02 23:01:48,421 - restaurant_api - INFO - Начало валидации данных
2025-12-02 23:01:48,440 - restaurant_api - INFO - Валидация завершена. Найдено ошибок: 0
2025-12-05 12:54:46,434 - restaurant_api - INFO - Начало извлечения данных из C:\Users\soval\AppData\Local\Temp\tmpw7c3myzt.csv
2025-12-05 12:54:46,444 - restaurant_api - INFO - Успешно извлечено 10 строк типа 'unknown'
2025-12-05 12:54:46,444 - restaurant_api - INFO - Начало трансформации данных
2025-12-05 12:54:46,456 - restaurant_api - INFO - Трансформация завершена
2025-12-05 12:54:46,456 - restaurant_api - INFO - Начало валидации данных
2025-12-05 12:54:46,456 - restaurant_api - INFO - Начало загрузки данных
2025-12-05 12:54:46,456 - restaurant_api - ERROR - Ошибка загрузки: Неизвестный тип сущности: unknown
2025-12-05 13:04:21,487 - restaurant_api - INFO - Начало извлечения данных из C:\Users\soval\AppData\Local\Temp\tmp7i2d2ks4.csv
2025-12-05 13:04:21,506 - restaurant_api - INFO - Успешно извлечено 9 строк типа 'restaurant'
2025-12-05 13:04:21,507 - restaurant_api - INFO - Начало трансформации данных
2025-12-05 13:04:21,518 - restaurant_api - INFO - Трансформация завершена
2025-12-05 13:04:21,518 - restaurant_api - INFO - Начало валидации данных
2025-12-05 13:04:21,525 - restaurant_api - INFO - Начало загрузки данных
2025-12-05 13:04:21,886 - restaurant_api - ERROR - Ошибка загрузки: (pyodbc.IntegrityError) ('23000', '[23000] [Microsoft][ODBC Driver 18 for SQL Server][SQL Server]Не удалось вставить значение NULL в столбец "opening_date", таблицы "kravchenko_group_restaurants.dbo.restaurants"; в столбце запрещены значения NULL. Ошибка в INSERT. (515) (SQLFetch); [23000] [Microsoft][ODBC Driver 18 for SQL Server][SQL Server]Выполнение данной инструкции было прервано. (3621)')
[SQL: INSERT INTO restaurants (name, address, phone, email, opening_date, seats_count, restaurant_type_id, is_active, created_at) OUTPUT inserted.id, inserted.id AS id__1 SELECT p0, p1, p2, p3, p4, p5, p6, p7, p8 FROM (VALUES (?, ?, ?, ?, ?, ?, ?, ?, ?, 0), (?, ?, ?, ?, ?, ?, ?, ?, ?, 1), (?, ?, ?, ?, ?, ?, ?, ?, ?, 2), (?, ?, ?, ?, ?, ?, ?, ?, ?, 3), (?, ?, ?, ?, ?, ?, ?, ?, ?, 4), (?, ?, ?, ?, ?, ?, ?, ?, ?, 5)) AS imp_sen(p0, p1, p2, p3, p4, p5, p6, p7, p8, sen_counter) ORDER BY sen_counter]
[parameters: ('Ресторан "Вкусно"', 'ул. Пушкина 10', '+79161234567', 'info@vkusno.ru', datetime.datetime(2023, 1, 15, 0, 0), 50, 1, 1, datetime.datetime(2025, 12, 5, 9, 4, 21, 867201), 'Бар "Паб"', 'пр. Мира 20', 'не телефон', 'bar@gmail.com', datetime.datetime(2023, 4, 15, 0, 0), 40, 4, 1, datetime.datetime(2025, 12, 5, 9, 4, 21, 867206), 'Пиццерия "Италия"', 'ул. Садовая 15', '+79161234570', 'некорректный-email', datetime.datetime(2023, 5, 20, 0, 0), 35, 5, 1, datetime.datetime(2025, 12, 5, 9, 4, 21, 867208), 'Столовая "Радуга"', 'ул. Тверская 25', '+79161234572', 'stolovaya@mail.ru', None, 60, 7, 1, datetime.datetime(2025, 12, 5, 9, 4, 21, 867209), 'Ресторан "Гурман"', 'ул. Кирова 12', '+79161234573', 'gurman@restaurant.ru', datetime.datetime(2023, 8, 10, 0, 0), -10, 8, 0, datetime.datetime(2025, 12, 5, 9, 4, 21, 867211), 'Кафе "Уют"', 'пер. Сиреневый 3', '+79161234574', 'uyut@mail.ru', datetime.datetime(2023, 9, 5, 0, 0), 20, 999, 1, datetime.datetime(2025, 12, 5, 9, 4, 21, 867213))]
(Background on this error at: https://sqlalche.me/e/20/gkpj)
2025-12-05 13:09:25,981 - restaurant_api - INFO - Начало извлечения данных из C:\Users\soval\AppData\Local\Temp\tmpgw8o6518.csv
2025-12-05 13:09:25,998 - restaurant_api - INFO - Успешно извлечено 10 строк типа 'restaurant'
2025-12-05 13:09:25,999 - restaurant_api - INFO - Начало трансформации данных
2025-12-05 13:09:26,009 - restaurant_api - INFO - Трансформация завершена
2025-12-05 13:09:26,009 - restaurant_api - INFO - Начало валидации данных
2025-12-05 13:09:26,015 - restaurant_api - INFO - Начало загрузки данных
2025-12-05 13:09:26,284 - restaurant_api - INFO - Загрузка данных завершена. Добавлено 10 записей
2025-12-05 13:12:58,382 - restaurant_api - INFO - Начало извлечения данных из C:\Users\soval\AppData\Local\Temp\tmph1qvzplf.csv
2025-12-05 13:12:58,402 - restaurant_api - INFO - Успешно извлечено 9 строк типа 'restaurant'
2025-12-05 13:12:58,402 - restaurant_api - INFO - Начало трансформации данных
2025-12-05 13:12:58,413 - restaurant_api - INFO - Трансформация завершена
2025-12-05 13:12:58,413 - restaurant_api - INFO - Начало валидации данных
2025-12-05 13:12:58,419 - restaurant_api - INFO - Начало загрузки данных
2025-12-05 13:12:58,606 - restaurant_api - WARNING - Ресторан уже существует: Ресторан "Вкусно"
2025-12-05 13:12:58,612 - restaurant_api - WARNING - Ресторан уже существует: Бар "Паб"
2025-12-05 13:12:58,613 - restaurant_api - WARNING - Ресторан уже существует: Пиццерия "Италия"
2025-12-05 13:12:58,615 - restaurant_api - WARNING - Ресторан уже существует: Суши-бар "Токио"
2025-12-05 13:12:58,618 - restaurant_api - WARNING - Ресторан уже существует: Столовая "Радуга"
2025-12-05 13:12:58,619 - restaurant_api - WARNING - Ресторан уже существует: Ресторан "Гурман"
2025-12-05 13:12:58,622 - restaurant_api - WARNING - Ресторан уже существует: Кафе "Уют"
2025-12-05 13:12:58,622 - restaurant_api - INFO - Загрузка данных завершена. Добавлено 0 записей
2025-12-05 13:19:38,515 - restaurant_api - INFO - Начало извлечения данных из C:\Users\soval\AppData\Local\Temp\tmpvauyr4rc.csv
2025-12-05 13:19:38,525 - restaurant_api - INFO - Успешно извлечено 9 строк типа 'restaurant'
2025-12-05 13:19:38,525 - restaurant_api - INFO - Начало трансформации данных
2025-12-05 13:19:38,538 - restaurant_api - INFO - Трансформация завершена
2025-12-05 13:19:38,538 - restaurant_api - INFO - Начало валидации данных
2025-12-05 13:19:38,548 - restaurant_api - INFO - Начало загрузки данных
2025-12-05 13:19:38,737 - restaurant_api - WARNING - Ресторан уже существует: Ресторан "Вкусно"
2025-12-05 13:19:38,740 - restaurant_api - WARNING - Ресторан уже существует: Бар "Паб"
2025-12-05 13:19:38,741 - restaurant_api - WARNING - Ресторан уже существует: Пиццерия "Италия"
2025-12-05 13:19:38,744 - restaurant_api - WARNING - Ресторан уже существует: Столовая "Радуга"
2025-12-05 13:19:38,746 - restaurant_api - WARNING - Ресторан уже существует: Ресторан "Гурман"
2025-12-05 13:19:38,749 - restaurant_api - WARNING - Ресторан уже существует: Кафе "Уют"
2025-12-05 13:19:38,749 - restaurant_api - INFO - Загрузка данных завершена. Добавлено 0 записей
2025-12-05 13:28:28,259 - restaurant_api - INFO - Начало извлечения данных из C:\Users\soval\AppData\Local\Temp\tmp4h46bd3t.csv
2025-12-05 13:28:28,269 - restaurant_api - INFO - Успешно извлечено 9 строк типа 'restaurant'
2025-12-05 13:28:28,269 - restaurant_api - INFO - Начало трансформации данных
2025-12-05 13:28:28,285 - restaurant_api - INFO - Трансформация завершена
2025-12-05 13:28:28,285 - restaurant_api - INFO - Начало валидации данных
2025-12-05 13:28:28,293 - restaurant_api - INFO - Начало загрузки данных
2025-12-05 13:28:28,492 - restaurant_api - WARNING - Ресторан уже существует: Ресторан "Вкусно"
2025-12-05 13:28:28,495 - restaurant_api - WARNING - Ресторан уже существует: Бар "Паб"
2025-12-05 13:28:28,496 - restaurant_api - WARNING - Ресторан уже существует: Пиццерия "Италия"
2025-12-05 13:28:28,499 - restaurant_api - WARNING - Ресторан уже существует: Столовая "Радуга"
2025-12-05 13:28:28,501 - restaurant_api - WARNING - Ресторан уже существует: Ресторан "Гурман"
2025-12-05 13:28:28,504 - restaurant_api - WARNING - Ресторан уже существует: Кафе "Уют"
2025-12-05 13:28:28,504 - restaurant_api - INFO - Загрузка данных завершена. Добавлено 0 записей
2025-12-05 13:30:56,082 - restaurant_api - INFO - Начало извлечения данных из C:\Users\soval\AppData\Local\Temp\tmpun5mqogw.csv
2025-12-05 13:30:56,101 - restaurant_api - INFO - Успешно извлечено 9 строк типа 'restaurant'
2025-12-05 13:30:56,101 - restaurant_api - INFO - Начало трансформации данных
2025-12-05 13:30:56,119 - restaurant_api - INFO - Трансформация завершена
2025-12-05 13:30:56,119 - restaurant_api - INFO - Начало валидации данных
2025-12-05 13:30:56,126 - restaurant_api - INFO - Начало загрузки данных
2025-12-05 13:30:56,361 - restaurant_api - INFO - Загрузка данных завершена. Добавлено 4 записей
2025-12-05 13:37:16,021 - restaurant_api - INFO - Начало извлечения данных из C:\Users\soval\AppData\Local\Temp\tmpvpi19ni9.csv
2025-12-05 13:37:16,032 - restaurant_api - INFO - Успешно извлечено 9 строк типа 'restaurant'
2025-12-05 13:37:16,032 - restaurant_api - INFO - Начало трансформации данных
2025-12-05 13:37:16,041 - restaurant_api - INFO - Трансформация завершена
2025-12-05 13:37:16,041 - restaurant_api - INFO - Начало валидации данных
2025-12-05 13:37:16,043 - restaurant_api - INFO - Валидация завершена. Найдено 6 ошибок
2025-12-05 13:37:16,043 - restaurant_api - INFO - Начало загрузки данных
2025-12-05 13:37:16,232 - restaurant_api - WARNING - Ресторан уже существует: Ресторан " Уникальный-12345"
2025-12-05 13:37:16,235 - restaurant_api - WARNING - Ресторан уже существует: Столовая "Радуга-Тест"
2025-12-05 13:37:16,245 - restaurant_api - INFO - Загрузка данных завершена. Добавлено 0 записей
2025-12-05 13:43:28,284 - restaurant_api - INFO - Начало извлечения данных из C:\Users\soval\AppData\Local\Temp\tmpjke7a7cm.csv
2025-12-05 13:43:28,293 - restaurant_api - INFO - Успешно извлечено 9 строк типа 'restaurant'
2025-12-05 13:43:28,293 - restaurant_api - INFO - Начало трансформации данных
2025-12-05 13:43:28,308 - restaurant_api - INFO - Трансформация завершена
2025-12-05 13:43:28,308 - restaurant_api - INFO - Начало валидации данных
2025-12-05 13:43:28,315 - restaurant_api - INFO - Валидация завершена. Найдено ошибок: 6
2025-12-05 13:43:28,315 - restaurant_api - INFO - Начало загрузки данных
2025-12-05 13:43:28,532 - restaurant_api - WARNING - Ресторан уже существует: Ресторан " Уникальный-12345"
2025-12-05 13:43:28,535 - restaurant_api - WARNING - Ресторан уже существует: Бар "Паб-Тест"
2025-12-05 13:43:28,539 - restaurant_api - WARNING - Ресторан уже существует: Пиццерия "Италия-Тест"
2025-12-05 13:43:28,551 - restaurant_api - WARNING - Ресторан уже существует: Столовая "Радуга-Тест"
2025-12-05 13:43:28,559 - restaurant_api - INFO - Загрузка данных завершена. Добавлено 1 записей
2025-12-05 13:46:31,513 - restaurant_api - INFO - Начало извлечения данных из C:\Users\soval\AppData\Local\Temp\tmp4sebdqo3.csv
2025-12-05 13:46:31,522 - restaurant_api - INFO - Успешно извлечено 9 строк типа 'restaurant'
2025-12-05 13:46:31,522 - restaurant_api - INFO - Начало трансформации данных
2025-12-05 13:46:31,538 - restaurant_api - INFO - Трансформация завершена
2025-12-05 13:46:31,538 - restaurant_api - INFO - Начало валидации данных
2025-12-05 13:46:31,545 - restaurant_api - INFO - Валидация завершена. Найдено ошибок: 6
2025-12-05 13:46:31,545 - restaurant_api - INFO - Начало загрузки данных
2025-12-05 13:46:31,739 - restaurant_api - WARNING - Ресторан уже существует: Ресторан " Уникальный-12345"
2025-12-05 13:46:31,742 - restaurant_api - WARNING - Ресторан уже существует: Бар "Паб-Тест"
2025-12-05 13:46:31,745 - restaurant_api - WARNING - Ресторан уже существует: Пиццерия "Италия-Тест"
2025-12-05 13:46:31,748 - restaurant_api - WARNING - Ресторан уже существует: Суши-бар "Токио-Тест"
2025-12-05 13:46:31,751 - restaurant_api - WARNING - Ресторан уже существует: Столовая "Радуга-Тест"
2025-12-05 13:46:31,760 - restaurant_api - INFO - Загрузка данных завершена. Добавлено 0 записей
2025-12-05 13:46:54,178 - restaurant_api - INFO - Получение списка ресторанов, пропуск=0, лимит=100
2025-12-05 13:47:29,950 - restaurant_api - INFO - Получение ресторана по ID: 26
2025-12-05 13:47:33,711 - restaurant_api - INFO - Получение ресторана по ID: 26
2025-12-05 13:47:33,713 - restaurant_api - INFO - Удаление ресторана с ID: 26
2025-12-05 13:47:33,759 - restaurant_api - INFO - Удален ресторан с ID: 26
2025-12-05 13:47:40,303 - restaurant_api - INFO - Получение ресторана по ID: 26
2025-12-05 13:47:58,554 - restaurant_api - INFO - Начало извлечения данных из C:\Users\soval\AppData\Local\Temp\tmp5gzayvvf.csv
2025-12-05 13:47:58,559 - restaurant_api - INFO - Успешно извлечено 9 строк типа 'restaurant'
2025-12-05 13:47:58,560 - restaurant_api - INFO - Начало трансформации данных
2025-12-05 13:47:58,574 - restaurant_api - INFO - Трансформация завершена
2025-12-05 13:47:58,574 - restaurant_api - INFO - Начало валидации данных
2025-12-05 13:47:58,581 - restaurant_api - INFO - Валидация завершена. Найдено ошибок: 6
2025-12-05 13:47:58,581 - restaurant_api - INFO - Начало загрузки данных
2025-12-05 13:47:58,601 - restaurant_api - WARNING - Ресторан уже существует: Бар "Паб-Тест"
2025-12-05 13:47:58,604 - restaurant_api - WARNING - Ресторан уже существует: Пиццерия "Италия-Тест"
2025-12-05 13:47:58,607 - restaurant_api - WARNING - Ресторан уже существует: Суши-бар "Токио-Тест"
2025-12-05 13:47:58,611 - restaurant_api - WARNING - Ресторан уже существует: Столовая "Радуга-Тест"
2025-12-05 13:47:58,618 - restaurant_api - INFO - Загрузка данных завершена. Добавлено 1 записей
2025-12-05 13:52:48,980 - restaurant_api - INFO - Получение списка ресторанов, пропуск=0, лимит=100
2025-12-05 13:53:53,442 - restaurant_api - INFO - Получение ресторана по ID: 27
2025-12-05 13:53:53,454 - restaurant_api - INFO - Удаление ресторана с ID: 27
2025-12-05 13:53:53,489 - restaurant_api - INFO - Удален ресторан с ID: 27
2025-12-05 13:53:56,758 - restaurant_api - INFO - Получение ресторана по ID: 28
2025-12-05 13:53:56,760 - restaurant_api - INFO - Удаление ресторана с ID: 28
2025-12-05 13:53:56,770 - restaurant_api - INFO - Удален ресторан с ID: 28
2025-12-05 13:53:58,645 - restaurant_api - INFO - Получение ресторана по ID: 29
2025-12-05 13:53:58,648 - restaurant_api - INFO - Удаление ресторана с ID: 29
2025-12-05 13:53:58,662 - restaurant_api - INFO - Удален ресторан с ID: 29
2025-12-05 13:54:02,081 - restaurant_api - INFO - Получение ресторана по ID: 32
2025-12-05 13:54:02,082 - restaurant_api - INFO - Удаление ресторана с ID: 32
2025-12-05 13:54:02,095 - restaurant_api - INFO - Удален ресторан с ID: 32
2025-12-05 13:54:04,670 - restaurant_api - INFO - Получение ресторана по ID: 35
2025-12-05 13:54:04,671 - restaurant_api - INFO - Удаление ресторана с ID: 35
2025-12-05 13:54:04,680 - restaurant_api - INFO - Удален ресторан с ID: 35
2025-12-05 13:54:07,719 - restaurant_api - INFO - Получение списка ресторанов, пропуск=0, лимит=100
2025-12-05 13:54:37,010 - restaurant_api - INFO - Начало извлечения данных из C:\Users\soval\AppData\Local\Temp\tmpuz46ur6a.csv
2025-12-05 13:54:37,030 - restaurant_api - INFO - Успешно извлечено 8 строк типа 'restaurant'
2025-12-05 13:54:37,030 - restaurant_api - INFO - Начало трансформации данных
2025-12-05 13:54:37,043 - restaurant_api - INFO - Трансформация завершена
2025-12-05 13:54:37,043 - restaurant_api - INFO - Начало валидации данных
2025-12-05 13:54:37,050 - restaurant_api - INFO - Валидация завершена. Найдено ошибок: 6
2025-12-05 13:54:37,051 - restaurant_api - INFO - Начало загрузки данных
2025-12-05 13:54:37,101 - restaurant_api - INFO - Загрузка данных завершена. Добавлено 5 записей
2025-12-05 13:56:49,445 - restaurant_api - INFO - Получение списка ресторанов, пропуск=0, лимит=100
2025-12-05 13:57:39,754 - restaurant_api - INFO - Получение ресторана по ID: 37
2025-12-05 13:57:39,767 - restaurant_api - INFO - Удаление ресторана с ID: 37
2025-12-05 13:57:39,800 - restaurant_api - INFO - Удален ресторан с ID: 37
2025-12-05 13:57:41,629 - restaurant_api - INFO - Получение ресторана по ID: 38
2025-12-05 13:57:41,643 - restaurant_api - INFO - Удаление ресторана с ID: 38
2025-12-05 13:57:41,687 - restaurant_api - INFO - Удален ресторан с ID: 38
2025-12-05 13:57:44,020 - restaurant_api - INFO - Получение ресторана по ID: 39
2025-12-05 13:57:44,029 - restaurant_api - INFO - Удаление ресторана с ID: 39
2025-12-05 13:57:44,052 - restaurant_api - INFO - Удален ресторан с ID: 39
2025-12-05 13:57:46,965 - restaurant_api - INFO - Получение ресторана по ID: 40
2025-12-05 13:57:46,967 - restaurant_api - INFO - Удаление ресторана с ID: 40
2025-12-05 13:57:46,978 - restaurant_api - INFO - Удален ресторан с ID: 40
2025-12-05 13:57:49,586 - restaurant_api - INFO - Получение ресторана по ID: 41
2025-12-05 13:57:49,588 - restaurant_api - INFO - Удаление ресторана с ID: 41
2025-12-05 13:57:49,596 - restaurant_api - INFO - Удален ресторан с ID: 41
2025-12-05 13:57:53,385 - restaurant_api - INFO - Получение ресторана по ID: 41
